0 verbose cli C:\Program Files\nodejs\node.exe C:\Program Files\nodejs\node_modules\npm\bin\npm-cli.js
1 info using npm@10.9.2
2 info using node@v22.16.0
3 silly config load:file:C:\Program Files\nodejs\node_modules\npm\npmrc
4 silly config load:file:C:\Users\game0\Desktop\Devine Project\backend-develop\.npmrc
5 silly config load:file:C:\Users\game0\.npmrc
6 silly config load:file:C:\Users\game0\AppData\Roaming\npm\etc\npmrc
7 verbose title npm i mongodb
8 verbose argv "i" "mongodb"
9 verbose logfile logs-max:10 dir:C:\Users\game0\Desktop\Devine Project\backend-develop\npm-cache\_logs\2025-07-05T10_42_34_072Z-
10 verbose logfile C:\Users\game0\Desktop\Devine Project\backend-develop\npm-cache\_logs\2025-07-05T10_42_34_072Z-debug-0.log
11 silly logfile start cleaning logs, removing 1 files
12 silly packumentCache heap:4345298944 maxSize:1086324736 maxEntrySize:543162368
13 silly logfile done cleaning log files
14 silly idealTree buildDeps
15 silly fetch manifest mongodb@*
16 silly packumentCache full:https://registry.npmjs.org/mongodb cache-miss
17 http fetch GET 200 https://registry.npmjs.org/mongodb 305ms (cache miss)
18 silly packumentCache full:https://registry.npmjs.org/mongodb set size:undefined disposed:false
19 silly fetch manifest @aws-sdk/credential-providers@^3.188.0
20 silly packumentCache full:https://registry.npmjs.org/@aws-sdk%2fcredential-providers cache-miss
21 http fetch GET 200 https://registry.npmjs.org/@aws-sdk%2fcredential-providers 421ms (cache miss)
22 silly packumentCache full:https://registry.npmjs.org/@aws-sdk%2fcredential-providers set size:undefined disposed:false
23 silly fetch manifest @mongodb-js/zstd@^1.1.0 || ^2.0.0
24 silly packumentCache full:https://registry.npmjs.org/@mongodb-js%2fzstd cache-miss
25 http fetch GET 200 https://registry.npmjs.org/@mongodb-js%2fzstd 524ms (cache miss)
26 silly packumentCache full:https://registry.npmjs.org/@mongodb-js%2fzstd set size:undefined disposed:false
27 silly fetch manifest gcp-metadata@^5.2.0
28 silly packumentCache full:https://registry.npmjs.org/gcp-metadata cache-miss
29 http fetch GET 200 https://registry.npmjs.org/gcp-metadata 125ms (cache miss)
30 silly packumentCache full:https://registry.npmjs.org/gcp-metadata set size:undefined disposed:false
31 silly fetch manifest kerberos@^2.0.1
32 silly packumentCache full:https://registry.npmjs.org/kerberos cache-miss
33 http fetch GET 200 https://registry.npmjs.org/kerberos 89ms (cache miss)
34 silly packumentCache full:https://registry.npmjs.org/kerberos set size:undefined disposed:false
35 silly fetch manifest mongodb-client-encryption@>=6.0.0 <7
36 silly packumentCache full:https://registry.npmjs.org/mongodb-client-encryption cache-miss
37 http fetch GET 200 https://registry.npmjs.org/mongodb-client-encryption 88ms (cache miss)
38 silly packumentCache full:https://registry.npmjs.org/mongodb-client-encryption set size:undefined disposed:false
39 silly fetch manifest snappy@^7.2.2
40 silly packumentCache full:https://registry.npmjs.org/snappy cache-miss
41 http fetch GET 200 https://registry.npmjs.org/snappy 87ms (cache miss)
42 silly packumentCache full:https://registry.npmjs.org/snappy set size:undefined disposed:false
43 silly fetch manifest socks@^2.7.1
44 silly packumentCache full:https://registry.npmjs.org/socks cache-miss
45 http fetch GET 200 https://registry.npmjs.org/socks 100ms (cache miss)
46 silly packumentCache full:https://registry.npmjs.org/socks set size:undefined disposed:false
47 silly placeDep ROOT mongodb@6.17.0 OK for:  want: *
48 silly fetch manifest bson@^6.10.4
49 silly packumentCache full:https://registry.npmjs.org/bson cache-miss
50 silly fetch manifest @mongodb-js/saslprep@^1.1.9
51 silly packumentCache full:https://registry.npmjs.org/@mongodb-js%2fsaslprep cache-miss
52 silly fetch manifest mongodb-connection-string-url@^3.0.0
53 silly packumentCache full:https://registry.npmjs.org/mongodb-connection-string-url cache-miss
54 http fetch GET 200 https://registry.npmjs.org/bson 104ms (cache miss)
55 silly packumentCache full:https://registry.npmjs.org/bson set size:undefined disposed:false
56 http fetch GET 200 https://registry.npmjs.org/mongodb-connection-string-url 111ms (cache miss)
57 silly packumentCache full:https://registry.npmjs.org/mongodb-connection-string-url set size:undefined disposed:false
58 http fetch GET 200 https://registry.npmjs.org/@mongodb-js%2fsaslprep 413ms (cache miss)
59 silly packumentCache full:https://registry.npmjs.org/@mongodb-js%2fsaslprep set size:undefined disposed:false
60 silly placeDep ROOT @mongodb-js/saslprep@1.3.0 OK for: mongodb@6.17.0 want: ^1.1.9
61 silly placeDep ROOT bson@6.10.4 OK for: mongodb@6.17.0 want: ^6.10.4
62 silly placeDep ROOT mongodb-connection-string-url@3.0.2 OK for: mongodb@6.17.0 want: ^3.0.0
63 silly fetch manifest sparse-bitfield@^3.0.3
64 silly packumentCache full:https://registry.npmjs.org/sparse-bitfield cache-miss
65 silly fetch manifest whatwg-url@^14.1.0 || ^13.0.0
66 silly packumentCache full:https://registry.npmjs.org/whatwg-url cache-miss
67 silly fetch manifest @types/whatwg-url@^11.0.2
68 silly packumentCache full:https://registry.npmjs.org/@types%2fwhatwg-url cache-miss
69 http fetch GET 200 https://registry.npmjs.org/whatwg-url 39ms (cache miss)
70 silly packumentCache full:https://registry.npmjs.org/whatwg-url set size:undefined disposed:false
71 http fetch GET 200 https://registry.npmjs.org/sparse-bitfield 93ms (cache miss)
72 silly packumentCache full:https://registry.npmjs.org/sparse-bitfield set size:undefined disposed:false
73 http fetch GET 200 https://registry.npmjs.org/@types%2fwhatwg-url 172ms (cache miss)
74 silly packumentCache full:https://registry.npmjs.org/@types%2fwhatwg-url set size:undefined disposed:false
75 silly placeDep ROOT sparse-bitfield@3.0.3 OK for: @mongodb-js/saslprep@1.3.0 want: ^3.0.3
76 silly fetch manifest memory-pager@^1.0.2
77 silly packumentCache full:https://registry.npmjs.org/memory-pager cache-miss
78 http fetch GET 200 https://registry.npmjs.org/memory-pager 83ms (cache miss)
79 silly packumentCache full:https://registry.npmjs.org/memory-pager set size:undefined disposed:false
80 silly placeDep ROOT @types/whatwg-url@11.0.5 OK for: mongodb-connection-string-url@3.0.2 want: ^11.0.2
81 silly placeDep ROOT whatwg-url@14.2.0 OK for: mongodb-connection-string-url@3.0.2 want: ^14.1.0 || ^13.0.0
82 silly fetch manifest @types/webidl-conversions@*
83 silly packumentCache full:https://registry.npmjs.org/@types%2fwebidl-conversions cache-miss
84 silly fetch manifest tr46@^5.1.0
85 silly packumentCache full:https://registry.npmjs.org/tr46 cache-miss
86 silly fetch manifest webidl-conversions@^7.0.0
87 silly packumentCache full:https://registry.npmjs.org/webidl-conversions cache-miss
88 http fetch GET 200 https://registry.npmjs.org/webidl-conversions 53ms (cache miss)
89 silly packumentCache full:https://registry.npmjs.org/webidl-conversions set size:undefined disposed:false
90 http fetch GET 200 https://registry.npmjs.org/tr46 56ms (cache miss)
91 silly packumentCache full:https://registry.npmjs.org/tr46 set size:undefined disposed:false
92 http fetch GET 200 https://registry.npmjs.org/@types%2fwebidl-conversions 173ms (cache miss)
93 silly packumentCache full:https://registry.npmjs.org/@types%2fwebidl-conversions set size:undefined disposed:false
94 silly placeDep ROOT @types/webidl-conversions@7.0.3 OK for: @types/whatwg-url@11.0.5 want: *
95 silly placeDep ROOT memory-pager@1.5.0 OK for: sparse-bitfield@3.0.3 want: ^1.0.2
96 silly placeDep ROOT tr46@5.1.1 OK for: whatwg-url@14.2.0 want: ^5.1.0
97 silly placeDep ROOT webidl-conversions@7.0.0 OK for: whatwg-url@14.2.0 want: ^7.0.0
98 silly fetch manifest punycode@^2.3.1
99 silly packumentCache full:https://registry.npmjs.org/punycode cache-miss
100 http fetch GET 200 https://registry.npmjs.org/punycode 80ms (cache miss)
101 silly packumentCache full:https://registry.npmjs.org/punycode set size:undefined disposed:false
102 silly placeDep ROOT punycode@2.3.1 OK for: tr46@5.1.1 want: ^2.3.1
103 silly reify moves {}
104 silly audit bulk request {
104 silly audit   '@types/body-parser': [ '1.19.6' ],
104 silly audit   '@types/connect': [ '3.4.38' ],
104 silly audit   '@types/express': [ '5.0.3' ],
104 silly audit   '@types/express-serve-static-core': [ '5.0.6' ],
104 silly audit   '@types/http-errors': [ '2.0.5' ],
104 silly audit   '@types/mime': [ '1.3.5' ],
104 silly audit   '@types/node': [ '24.0.10' ],
104 silly audit   '@types/qs': [ '6.14.0' ],
104 silly audit   '@types/range-parser': [ '1.2.7' ],
104 silly audit   '@types/send': [ '0.17.5' ],
104 silly audit   '@types/serve-static': [ '1.15.8' ],
104 silly audit   accepts: [ '2.0.0' ],
104 silly audit   anymatch: [ '3.1.3' ],
104 silly audit   'balanced-match': [ '1.0.2' ],
104 silly audit   'binary-extensions': [ '2.3.0' ],
104 silly audit   'body-parser': [ '2.2.0' ],
104 silly audit   'brace-expansion': [ '1.1.12' ],
104 silly audit   braces: [ '3.0.3' ],
104 silly audit   bytes: [ '3.1.2' ],
104 silly audit   'call-bind-apply-helpers': [ '1.0.2' ],
104 silly audit   'call-bound': [ '1.0.4' ],
104 silly audit   chokidar: [ '3.6.0' ],
104 silly audit   'concat-map': [ '0.0.1' ],
104 silly audit   'content-disposition': [ '1.0.0' ],
104 silly audit   'content-type': [ '1.0.5' ],
104 silly audit   cookie: [ '0.7.2' ],
104 silly audit   'cookie-signature': [ '1.2.2' ],
104 silly audit   debug: [ '4.4.1' ],
104 silly audit   depd: [ '2.0.0' ],
104 silly audit   'dunder-proto': [ '1.0.1' ],
104 silly audit   'ee-first': [ '1.1.1' ],
104 silly audit   encodeurl: [ '2.0.0' ],
104 silly audit   'es-define-property': [ '1.0.1' ],
104 silly audit   'es-errors': [ '1.3.0' ],
104 silly audit   'es-object-atoms': [ '1.1.1' ],
104 silly audit   'escape-html': [ '1.0.3' ],
104 silly audit   etag: [ '1.8.1' ],
104 silly audit   express: [ '5.1.0' ],
104 silly audit   'fill-range': [ '7.1.1' ],
104 silly audit   finalhandler: [ '2.1.0' ],
104 silly audit   forwarded: [ '0.2.0' ],
104 silly audit   fresh: [ '2.0.0' ],
104 silly audit   fsevents: [ '2.3.3' ],
104 silly audit   'function-bind': [ '1.1.2' ],
104 silly audit   'get-intrinsic': [ '1.3.0' ],
104 silly audit   'get-proto': [ '1.0.1' ],
104 silly audit   'glob-parent': [ '5.1.2' ],
104 silly audit   gopd: [ '1.2.0' ],
104 silly audit   'has-flag': [ '3.0.0' ],
104 silly audit   'has-symbols': [ '1.1.0' ],
104 silly audit   hasown: [ '2.0.2' ],
104 silly audit   'http-errors': [ '2.0.0' ],
104 silly audit   statuses: [ '2.0.1', '2.0.2' ],
104 silly audit   'iconv-lite': [ '0.6.3' ],
104 silly audit   'ignore-by-default': [ '1.0.1' ],
104 silly audit   inherits: [ '2.0.4' ],
104 silly audit   'ipaddr.js': [ '1.9.1' ],
104 silly audit   'is-binary-path': [ '2.1.0' ],
104 silly audit   'is-extglob': [ '2.1.1' ],
104 silly audit   'is-glob': [ '4.0.3' ],
104 silly audit   'is-number': [ '7.0.0' ],
104 silly audit   'is-promise': [ '4.0.0' ],
104 silly audit   'math-intrinsics': [ '1.1.0' ],
104 silly audit   'media-typer': [ '1.1.0' ],
104 silly audit   'merge-descriptors': [ '2.0.0' ],
104 silly audit   'mime-db': [ '1.54.0' ],
104 silly audit   'mime-types': [ '3.0.1' ],
104 silly audit   minimatch: [ '3.1.2' ],
104 silly audit   ms: [ '2.1.3' ],
104 silly audit   negotiator: [ '1.0.0' ],
104 silly audit   nodemon: [ '3.1.10' ],
104 silly audit   'normalize-path': [ '3.0.0' ],
104 silly audit   'object-inspect': [ '1.13.4' ],
104 silly audit   'on-finished': [ '2.4.1' ],
104 silly audit   once: [ '1.4.0' ],
104 silly audit   parseurl: [ '1.3.3' ],
104 silly audit   'path-to-regexp': [ '8.2.0' ],
104 silly audit   picomatch: [ '2.3.1' ],
104 silly audit   'proxy-addr': [ '2.0.7' ],
104 silly audit   'pstree.remy': [ '1.1.8' ],
104 silly audit   qs: [ '6.14.0' ],
104 silly audit   'range-parser': [ '1.2.1' ],
104 silly audit   'raw-body': [ '3.0.0' ],
104 silly audit   readdirp: [ '3.6.0' ],
104 silly audit   router: [ '2.2.0' ],
104 silly audit   'safe-buffer': [ '5.2.1' ],
104 silly audit   'safer-buffer': [ '2.1.2' ],
104 silly audit   semver: [ '7.7.2' ],
104 silly audit   send: [ '1.2.0' ],
104 silly audit   'serve-static': [ '2.2.0' ],
104 silly audit   setprototypeof: [ '1.2.0' ],
104 silly audit   'side-channel': [ '1.1.0' ],
104 silly audit   'side-channel-list': [ '1.0.0' ],
104 silly audit   'side-channel-map': [ '1.0.1' ],
104 silly audit   'side-channel-weakmap': [ '1.0.2' ],
104 silly audit   'simple-update-notifier': [ '2.0.0' ],
104 silly audit   'supports-color': [ '5.5.0' ],
104 silly audit   'to-regex-range': [ '5.0.1' ],
104 silly audit   toidentifier: [ '1.0.1' ],
104 silly audit   touch: [ '3.1.1' ],
104 silly audit   'type-is': [ '2.0.1' ],
104 silly audit   typescript: [ '5.8.3' ],
104 silly audit   undefsafe: [ '2.0.5' ],
104 silly audit   'undici-types': [ '7.8.0' ],
104 silly audit   unpipe: [ '1.0.0' ],
104 silly audit   vary: [ '1.1.2' ],
104 silly audit   wrappy: [ '1.0.2' ],
104 silly audit   mongodb: [ '6.17.0' ],
104 silly audit   '@mongodb-js/saslprep': [ '1.3.0' ],
104 silly audit   bson: [ '6.10.4' ],
104 silly audit   'mongodb-connection-string-url': [ '3.0.2' ],
104 silly audit   'sparse-bitfield': [ '3.0.3' ],
104 silly audit   '@types/whatwg-url': [ '11.0.5' ],
104 silly audit   'whatwg-url': [ '14.2.0' ],
104 silly audit   '@types/webidl-conversions': [ '7.0.3' ],
104 silly audit   'memory-pager': [ '1.5.0' ],
104 silly audit   tr46: [ '5.1.1' ],
104 silly audit   'webidl-conversions': [ '7.0.0' ],
104 silly audit   punycode: [ '2.3.1' ]
104 silly audit }
105 verbose reify failed optional dependency C:\Users\game0\Desktop\Devine Project\backend-develop\node_modules\fsevents
106 silly reify mark deleted [
106 silly reify   'C:\\Users\\game0\\Desktop\\Devine Project\\backend-develop\\node_modules\\fsevents'
106 silly reify ]
107 http cache punycode@https://registry.npmjs.org/punycode/-/punycode-2.3.1.tgz 0ms (cache hit)
108 http cache webidl-conversions@https://registry.npmjs.org/webidl-conversions/-/webidl-conversions-7.0.0.tgz 0ms (cache hit)
109 http cache tr46@https://registry.npmjs.org/tr46/-/tr46-5.1.1.tgz 0ms (cache hit)
110 http cache @types/webidl-conversions@https://registry.npmjs.org/@types/webidl-conversions/-/webidl-conversions-7.0.3.tgz 0ms (cache hit)
111 http cache @types/whatwg-url@https://registry.npmjs.org/@types/whatwg-url/-/whatwg-url-11.0.5.tgz 0ms (cache hit)
112 http cache whatwg-url@https://registry.npmjs.org/whatwg-url/-/whatwg-url-14.2.0.tgz 0ms (cache hit)
113 http cache memory-pager@https://registry.npmjs.org/memory-pager/-/memory-pager-1.5.0.tgz 0ms (cache hit)
114 http cache @mongodb-js/saslprep@https://registry.npmjs.org/@mongodb-js/saslprep/-/saslprep-1.3.0.tgz 0ms (cache hit)
115 http cache sparse-bitfield@https://registry.npmjs.org/sparse-bitfield/-/sparse-bitfield-3.0.3.tgz 0ms (cache hit)
116 silly tarball no local data for punycode@https://registry.npmjs.org/punycode/-/punycode-2.3.1.tgz. Extracting by manifest.
117 silly tarball no local data for webidl-conversions@https://registry.npmjs.org/webidl-conversions/-/webidl-conversions-7.0.0.tgz. Extracting by manifest.
118 silly tarball no local data for tr46@https://registry.npmjs.org/tr46/-/tr46-5.1.1.tgz. Extracting by manifest.
119 http cache mongodb-connection-string-url@https://registry.npmjs.org/mongodb-connection-string-url/-/mongodb-connection-string-url-3.0.2.tgz 0ms (cache hit)
120 silly tarball no local data for @types/webidl-conversions@https://registry.npmjs.org/@types/webidl-conversions/-/webidl-conversions-7.0.3.tgz. Extracting by manifest.
121 silly tarball no local data for @types/whatwg-url@https://registry.npmjs.org/@types/whatwg-url/-/whatwg-url-11.0.5.tgz. Extracting by manifest.
122 http cache bson@https://registry.npmjs.org/bson/-/bson-6.10.4.tgz 0ms (cache hit)
123 silly tarball no local data for whatwg-url@https://registry.npmjs.org/whatwg-url/-/whatwg-url-14.2.0.tgz. Extracting by manifest.
124 silly tarball no local data for memory-pager@https://registry.npmjs.org/memory-pager/-/memory-pager-1.5.0.tgz. Extracting by manifest.
125 silly tarball no local data for @mongodb-js/saslprep@https://registry.npmjs.org/@mongodb-js/saslprep/-/saslprep-1.3.0.tgz. Extracting by manifest.
126 http cache mongodb@https://registry.npmjs.org/mongodb/-/mongodb-6.17.0.tgz 0ms (cache hit)
127 silly tarball no local data for sparse-bitfield@https://registry.npmjs.org/sparse-bitfield/-/sparse-bitfield-3.0.3.tgz. Extracting by manifest.
128 silly tarball no local data for mongodb-connection-string-url@https://registry.npmjs.org/mongodb-connection-string-url/-/mongodb-connection-string-url-3.0.2.tgz. Extracting by manifest.
129 silly tarball no local data for bson@https://registry.npmjs.org/bson/-/bson-6.10.4.tgz. Extracting by manifest.
130 silly tarball no local data for mongodb@https://registry.npmjs.org/mongodb/-/mongodb-6.17.0.tgz. Extracting by manifest.
131 http fetch GET 200 https://registry.npmjs.org/punycode/-/punycode-2.3.1.tgz 74ms (cache miss)
132 http fetch GET 200 https://registry.npmjs.org/webidl-conversions/-/webidl-conversions-7.0.0.tgz 74ms (cache miss)
133 http fetch GET 200 https://registry.npmjs.org/memory-pager/-/memory-pager-1.5.0.tgz 110ms (cache miss)
134 http fetch GET 200 https://registry.npmjs.org/mongodb-connection-string-url/-/mongodb-connection-string-url-3.0.2.tgz 143ms (cache miss)
135 http fetch GET 200 https://registry.npmjs.org/tr46/-/tr46-5.1.1.tgz 157ms (cache miss)
136 http fetch GET 200 https://registry.npmjs.org/@types/webidl-conversions/-/webidl-conversions-7.0.3.tgz 166ms (cache miss)
137 http fetch GET 200 https://registry.npmjs.org/@types/whatwg-url/-/whatwg-url-11.0.5.tgz 188ms (cache miss)
138 http fetch GET 200 https://registry.npmjs.org/whatwg-url/-/whatwg-url-14.2.0.tgz 204ms (cache miss)
139 http fetch GET 200 https://registry.npmjs.org/bson/-/bson-6.10.4.tgz 269ms (cache miss)
140 http fetch POST 200 https://registry.npmjs.org/-/npm/v1/security/advisories/bulk 299ms
141 silly audit report {}
142 http fetch GET 200 https://registry.npmjs.org/@mongodb-js/saslprep/-/saslprep-1.3.0.tgz 303ms (cache miss)
143 http fetch GET 200 https://registry.npmjs.org/sparse-bitfield/-/sparse-bitfield-3.0.3.tgz 341ms (cache miss)
144 http fetch GET 200 https://registry.npmjs.org/mongodb/-/mongodb-6.17.0.tgz 864ms (cache miss)
145 silly ADD node_modules/punycode
146 silly ADD node_modules/webidl-conversions
147 silly ADD node_modules/tr46
148 silly ADD node_modules/memory-pager
149 silly ADD node_modules/@types/webidl-conversions
150 silly ADD node_modules/whatwg-url
151 silly ADD node_modules/@types/whatwg-url
152 silly ADD node_modules/sparse-bitfield
153 silly ADD node_modules/mongodb-connection-string-url
154 silly ADD node_modules/bson
155 silly ADD node_modules/@mongodb-js/saslprep
156 silly ADD node_modules/mongodb
157 silly ADD
158 verbose cwd C:\Users\game0\Desktop\Devine Project\backend-develop
159 verbose os Windows_NT 10.0.26100
160 verbose node v22.16.0
161 verbose npm  v10.9.2
162 verbose exit 0
163 info ok
